Change Component Designator: OldDesignator=D1000 NewDesignator=D1
Change Component Designator: OldDesignator=Q1000 NewDesignator=Q1
Change Component Designator: OldDesignator=Q1001 NewDesignator=Q2
Change Component Designator: OldDesignator=R1000 NewDesignator=R1
Change Component Designator: OldDesignator=R1001 NewDesignator=R2
Change Component Designator: OldDesignator=R1002 NewDesignator=R3
Change Component Designator: OldDesignator=R1003 NewDesignator=R4
Change Component Designator: OldDesignator=R1004 NewDesignator=R5
Change Net Name : Old Net Name=NetD1000_1 New Net Name=NetD1_1
Change Net Name : Old Net Name=NetQ1000_2 New Net Name=NetQ1_2
Change Net Name : Old Net Name=NetQ1000_3 New Net Name=NetQ1_3
Change Net Name : Old Net Name=NetQ1001_2 New Net Name=NetQ2_2
Change Net Name : Old Net Name=NetQ1001_3 New Net Name=NetQ2_3
Change Net Name : Old Net Name=NetR1004_2 New Net Name=NetR5_2
Added Member To Class: ClassName=sch1 Member=Component D1 Diode SB140
Added Member To Class: ClassName=sch1 Member=Component Q1 2N3904
Added Member To Class: ClassName=sch1 Member=Component Q2 2N3904
Added Member To Class: ClassName=sch1 Member=Component R1 Res1
Added Member To Class: ClassName=sch1 Member=Component R2 Res1
Added Member To Class: ClassName=sch1 Member=Component R3 Res1
Added Member To Class: ClassName=sch1 Member=Component R4 Res1
Added Member To Class: ClassName=sch1 Member=Component R5 Res1
