Change Component Designator: OldDesignator=D1000 NewDesignator=D2
Change Component Designator: OldDesignator=Q1000 NewDesignator=Q2
Change Component Designator: OldDesignator=Q1001 NewDesignator=Q4
Change Component Designator: OldDesignator=R1000 NewDesignator=R3
Change Component Designator: OldDesignator=R1001 NewDesignator=R4
Change Component Designator: OldDesignator=R1002 NewDesignator=R6
Change Component Designator: OldDesignator=R1003 NewDesignator=R8
Change Component Designator: OldDesignator=R1004 NewDesignator=R10
Added Pin To Net: NetName=NetD1_1 Pin=D2-1
Added Pin To Net: NetName=30V Pin=D2-2
Added Pin To Net: NetName=GND Pin=Q2-1
Added Pin To Net: NetName=GND Pin=Q4-1
Added Pin To Net: NetName=NetD1_1 Pin=R3-2
Added Pin To Net: NetName=NetD1_1 Pin=R4-2
Added Pin To Net: NetName=5V Pin=R6-2
Added Pin To Net: NetName=NetR9_2 Pin=R10-2
Added Pin To Net: NetName=NetQ2_2 Pin=Q2-2
Added Pin To Net: NetName=NetQ2_2 Pin=R8-1
Added Net: Name=NetQ2_2
Added Pin To Net: NetName=NetQ2_3 Pin=Q2-3
Added Pin To Net: NetName=NetQ2_3 Pin=R3-1
Added Pin To Net: NetName=NetQ2_3 Pin=R4-1
Added Net: Name=NetQ2_3
Added Pin To Net: NetName=NetQ4_2 Pin=Q4-2
Added Pin To Net: NetName=NetQ4_2 Pin=R10-1
Added Net: Name=NetQ4_2
Added Pin To Net: NetName=NetQ4_3 Pin=Q4-3
Added Pin To Net: NetName=NetQ4_3 Pin=R6-1
Added Pin To Net: NetName=NetQ4_3 Pin=R8-2
Added Net: Name=NetQ4_3
Added Member To Class: ClassName=sch1 Member=Component D2 Diode SB140
Added Member To Class: ClassName=sch1 Member=Component Q2 2N3904
Added Member To Class: ClassName=sch1 Member=Component Q4 2N3904
Added Member To Class: ClassName=sch1 Member=Component R3 Res1
Added Member To Class: ClassName=sch1 Member=Component R4 Res1
Added Member To Class: ClassName=sch1 Member=Component R6 Res1
Added Member To Class: ClassName=sch1 Member=Component R8 Res1
Added Member To Class: ClassName=sch1 Member=Component R10 Res1
