Removed Pin From Net: NetName=5V Pin=R3-2
Removed Pin From Net: NetName=NetQ1_2 Pin=R4-1
Removed Pin From Net: NetName=NetQ2_3 Pin=R4-2
Removed Pin From Net: NetName=NetQ2_2 Pin=R5-1
Change Component Footprint: Designator=R3 Old Footprint=6-0805_N New Footprint=AXIAL-0.6
Change Component Footprint: Designator=R4 Old Footprint=6-0805_N New Footprint=AXIAL-0.6
Change Component Designator: OldDesignator=R5 NewDesignator=R9
Added Component: Designator=D2(DO-41)
Added Component: Designator=Q3(TO-92A)
Added Component: Designator=Q4(TO-92A)
Added Component: Designator=R5(6-0805_N)
Added Component: Designator=R6(6-0805_N)
Added Component: Designator=R7(6-0805_N)
Added Component: Designator=R8(6-0805_N)
Added Component: Designator=R10(6-0805_N)
Added Pin To Net: NetName=NetD1_1 Pin=D2-1
Added Pin To Net: NetName=30V Pin=D2-2
Added Pin To Net: NetName=GND Pin=Q2-1
Added Pin To Net: NetName=GND Pin=Q4-1
Added Pin To Net: NetName=NetD1_1 Pin=R3-2
Added Pin To Net: NetName=NetQ2_3 Pin=R4-1
Added Pin To Net: NetName=NetD1_1 Pin=R4-2
Added Pin To Net: NetName=5V Pin=R3-2
Added Pin To Net: NetName=5V Pin=R6-2
Added Pin To Net: NetName=NetQ1_2 Pin=R4-1
Added Pin To Net: NetName=NetQ2_2 Pin=R8-1
Added Pin To Net: NetName=NetQ3_2 Pin=Q2-2
Added Pin To Net: NetName=NetQ3_2 Pin=R9-1
Added Net: Name=NetQ3_2
Added Pin To Net: NetName=NetQ3_3 Pin=Q2-3
Added Pin To Net: NetName=NetQ3_3 Pin=R3-1
Added Pin To Net: NetName=NetQ3_3 Pin=R4-2
Added Net: Name=NetQ3_3
Added Pin To Net: NetName=NetQ4_2 Pin=Q4-2
Added Pin To Net: NetName=NetQ4_2 Pin=R10-1
Added Net: Name=NetQ4_2
Added Pin To Net: NetName=NetQ4_3 Pin=Q4-3
Added Pin To Net: NetName=NetQ4_3 Pin=R6-1
Added Pin To Net: NetName=NetQ4_3 Pin=R8-2
Added Net: Name=NetQ4_3
Added Pin To Net: NetName=NetR9_2 Pin=R9-2
Added Pin To Net: NetName=NetR9_2 Pin=R10-2
Added Net: Name=NetR9_2
Added Member To Class: ClassName=sch1 Member=Component D2 Diode SB140
Added Member To Class: ClassName=sch1 Member=Component Q3 2N3904
Added Member To Class: ClassName=sch1 Member=Component Q4 2N3904
Added Member To Class: ClassName=sch1 Member=Component R6 Res1
Added Member To Class: ClassName=sch1 Member=Component R7 Res1
Added Member To Class: ClassName=sch1 Member=Component R8 Res1
Added Member To Class: ClassName=sch1 Member=Component R9 Res1
Added Member To Class: ClassName=sch1 Member=Component R10 Res1
